Compiled jquery_ujs.js  (0ms)  (pid 9642)
Compiled jquery.js  (2ms)  (pid 9642)
Compiled css3-mediaqueries.js  (0ms)  (pid 9642)
Compiled custom.js  (0ms)  (pid 9642)
Compiled form-validation.js  (0ms)  (pid 9642)
Compiled home.js  (508ms)  (pid 9642)
Compiled jquery-1.7.1.min.js  (1ms)  (pid 9642)
Compiled jquery.columnizer.min.js  (0ms)  (pid 9642)
Compiled jquery.easing.js  (0ms)  (pid 9642)
Compiled jquery.flexslider.js  (0ms)  (pid 9642)
Compiled jquery.isotope.min.js  (0ms)  (pid 9642)
Compiled jquery.jcarousel.min.js  (0ms)  (pid 9642)
Compiled jquery.jplayer.min.js  (1ms)  (pid 9642)
Compiled links.js  (143ms)  (pid 9642)
Compiled lof-slider.js  (1ms)  (pid 9642)
Compiled modernizr.js  (0ms)  (pid 9642)
Compiled moveform.js  (0ms)  (pid 9642)
Compiled poshytip-1.1/demo/includes/demos.js  (0ms)  (pid 9642)
Compiled poshytip-1.1/demo/includes/jquery-1.4.2.min.js  (0ms)  (pid 9642)
Compiled poshytip-1.1/demo/includes/sh_main.min.js  (0ms)  (pid 9642)
Compiled poshytip-1.1/src/jquery.poshytip.js  (0ms)  (pid 9642)
Compiled poshytip-1.1/src/jquery.poshytip.min.js  (0ms)  (pid 9642)
Compiled prettyPhoto/js/jquery-1.3.2.min.js  (0ms)  (pid 9642)
Compiled prettyPhoto/js/jquery-1.4.4.min.js  (0ms)  (pid 9642)
Compiled prettyPhoto/js/jquery.prettyPhoto.js  (0ms)  (pid 9642)
Compiled rails.js  (0ms)  (pid 9642)
Compiled rails.validations.js  (0ms)  (pid 9642)
Compiled slider.js  (0ms)  (pid 9642)
Compiled superfish-1.4.8/js/hoverIntent.js  (0ms)  (pid 9642)
Compiled superfish-1.4.8/js/jquery-1.2.6.min.js  (0ms)  (pid 9642)
Compiled superfish-1.4.8/js/jquery.bgiframe.min.js  (0ms)  (pid 9642)
Compiled superfish-1.4.8/js/superfish.js  (0ms)  (pid 9642)
Compiled superfish-1.4.8/js/supersubs.js  (0ms)  (pid 9642)
Compiled tabs.js  (0ms)  (pid 9642)
Compiled tweet/jquery.tweet.js  (0ms)  (pid 9642)
Compiled votes.js  (135ms)  (pid 9642)
Compiled application.js  (1051ms)  (pid 9642)
Compiled carousel.css  (0ms)  (pid 9642)
Compiled comments.css  (0ms)  (pid 9642)
Compiled elements.css  (0ms)  (pid 9642)
Compiled flexslider.css  (0ms)  (pid 9642)
Compiled home.css  (38ms)  (pid 9642)
Compiled jquery.tweet.css  (0ms)  (pid 9642)
Compiled lessframework.css  (0ms)  (pid 9642)
Compiled links.css  (1ms)  (pid 9642)
Compiled lof-slider.css  (0ms)  (pid 9642)
Compiled palette.css  (0ms)  (pid 9642)
Compiled reset.css  (0ms)  (pid 9642)
Compiled scaffolds.css  (10ms)  (pid 9642)
Compiled skin.css  (0ms)  (pid 9642)
Compiled style.css  (0ms)  (pid 9642)
Compiled superfish.css  (0ms)  (pid 9642)
Compiled votes.css  (1ms)  (pid 9642)
Compiled widgets.css  (0ms)  (pid 9642)
Compiled application.css  (102ms)  (pid 9642)
Compiled jquery_ujs.js  (0ms)  (pid 9642)
Compiled jquery.js  (2ms)  (pid 9642)
Compiled css3-mediaqueries.js  (0ms)  (pid 9642)
Compiled custom.js  (0ms)  (pid 9642)
Compiled form-validation.js  (0ms)  (pid 9642)
Compiled home.js  (154ms)  (pid 9642)
Compiled jquery-1.7.1.min.js  (1ms)  (pid 9642)
Compiled jquery.columnizer.min.js  (0ms)  (pid 9642)
Compiled jquery.easing.js  (0ms)  (pid 9642)
Compiled jquery.flexslider.js  (0ms)  (pid 9642)
Compiled jquery.isotope.min.js  (0ms)  (pid 9642)
Compiled jquery.jcarousel.min.js  (0ms)  (pid 9642)
Compiled jquery.jplayer.min.js  (0ms)  (pid 9642)
Compiled links.js  (149ms)  (pid 9642)
Compiled lof-slider.js  (0ms)  (pid 9642)
Compiled modernizr.js  (0ms)  (pid 9642)
Compiled moveform.js  (0ms)  (pid 9642)
Compiled poshytip-1.1/demo/includes/demos.js  (0ms)  (pid 9642)
Compiled poshytip-1.1/demo/includes/jquery-1.4.2.min.js  (0ms)  (pid 9642)
Compiled poshytip-1.1/demo/includes/sh_main.min.js  (0ms)  (pid 9642)
Compiled poshytip-1.1/src/jquery.poshytip.js  (0ms)  (pid 9642)
Compiled poshytip-1.1/src/jquery.poshytip.min.js  (0ms)  (pid 9642)
Compiled prettyPhoto/js/jquery-1.3.2.min.js  (0ms)  (pid 9642)
Compiled prettyPhoto/js/jquery-1.4.4.min.js  (0ms)  (pid 9642)
Compiled prettyPhoto/js/jquery.prettyPhoto.js  (0ms)  (pid 9642)
Compiled rails.js  (0ms)  (pid 9642)
Compiled rails.validations.js  (0ms)  (pid 9642)
Compiled slider.js  (0ms)  (pid 9642)
Compiled superfish-1.4.8/js/hoverIntent.js  (0ms)  (pid 9642)
Compiled superfish-1.4.8/js/jquery-1.2.6.min.js  (0ms)  (pid 9642)
Compiled superfish-1.4.8/js/jquery.bgiframe.min.js  (0ms)  (pid 9642)
Compiled superfish-1.4.8/js/superfish.js  (0ms)  (pid 9642)
Compiled superfish-1.4.8/js/supersubs.js  (0ms)  (pid 9642)
Compiled tabs.js  (0ms)  (pid 9642)
Compiled tweet/jquery.tweet.js  (0ms)  (pid 9642)
Compiled votes.js  (147ms)  (pid 9642)
Compiled application.js  (725ms)  (pid 9642)
Compiled carousel.css  (0ms)  (pid 9642)
Compiled comments.css  (0ms)  (pid 9642)
Compiled elements.css  (0ms)  (pid 9642)
Compiled flexslider.css  (0ms)  (pid 9642)
Compiled home.css  (6ms)  (pid 9642)
Compiled jquery.tweet.css  (0ms)  (pid 9642)
Compiled lessframework.css  (0ms)  (pid 9642)
Compiled links.css  (1ms)  (pid 9642)
Compiled lof-slider.css  (0ms)  (pid 9642)
Compiled palette.css  (0ms)  (pid 9642)
Compiled reset.css  (0ms)  (pid 9642)
Compiled scaffolds.css  (10ms)  (pid 9642)
Compiled skin.css  (0ms)  (pid 9642)
Compiled style.css  (0ms)  (pid 9642)
Compiled superfish.css  (0ms)  (pid 9642)
Compiled votes.css  (1ms)  (pid 9642)
Compiled widgets.css  (0ms)  (pid 9642)
Compiled application.css  (82ms)  (pid 9642)
Compiled jquery_ujs.js  (0ms)  (pid 9988)
Compiled jquery.js  (2ms)  (pid 9988)
Compiled css3-mediaqueries.js  (0ms)  (pid 9988)
Compiled custom.js  (0ms)  (pid 9988)
Compiled form-validation.js  (0ms)  (pid 9988)
Compiled home.js  (150ms)  (pid 9988)
Compiled jquery-1.7.1.min.js  (1ms)  (pid 9988)
Compiled jquery.columnizer.min.js  (0ms)  (pid 9988)
Compiled jquery.easing.js  (0ms)  (pid 9988)
Compiled jquery.flexslider.js  (0ms)  (pid 9988)
Compiled jquery.isotope.min.js  (0ms)  (pid 9988)
Compiled jquery.jcarousel.min.js  (0ms)  (pid 9988)
Compiled jquery.jplayer.min.js  (0ms)  (pid 9988)
Compiled links.js  (138ms)  (pid 9988)
Compiled lof-slider.js  (1ms)  (pid 9988)
Compiled modernizr.js  (0ms)  (pid 9988)
Compiled moveform.js  (0ms)  (pid 9988)
Compiled poshytip-1.1/demo/includes/demos.js  (0ms)  (pid 9988)
Compiled poshytip-1.1/demo/includes/jquery-1.4.2.min.js  (0ms)  (pid 9988)
Compiled poshytip-1.1/demo/includes/sh_main.min.js  (0ms)  (pid 9988)
Compiled poshytip-1.1/src/jquery.poshytip.js  (0ms)  (pid 9988)
Compiled poshytip-1.1/src/jquery.poshytip.min.js  (0ms)  (pid 9988)
Compiled prettyPhoto/js/jquery-1.3.2.min.js  (0ms)  (pid 9988)
Compiled prettyPhoto/js/jquery-1.4.4.min.js  (0ms)  (pid 9988)
Compiled prettyPhoto/js/jquery.prettyPhoto.js  (0ms)  (pid 9988)
Compiled rails.js  (0ms)  (pid 9988)
Compiled rails.validations.js  (0ms)  (pid 9988)
Compiled slider.js  (0ms)  (pid 9988)
Compiled superfish-1.4.8/js/hoverIntent.js  (0ms)  (pid 9988)
Compiled superfish-1.4.8/js/jquery-1.2.6.min.js  (1ms)  (pid 9988)
Compiled superfish-1.4.8/js/jquery.bgiframe.min.js  (0ms)  (pid 9988)
Compiled superfish-1.4.8/js/superfish.js  (0ms)  (pid 9988)
Compiled superfish-1.4.8/js/supersubs.js  (0ms)  (pid 9988)
Compiled tabs.js  (0ms)  (pid 9988)
Compiled tweet/jquery.tweet.js  (0ms)  (pid 9988)
Compiled votes.js  (154ms)  (pid 9988)
Compiled application.js  (749ms)  (pid 9988)
Compiled carousel.css  (0ms)  (pid 9988)
Compiled comments.css  (0ms)  (pid 9988)
Compiled elements.css  (0ms)  (pid 9988)
Compiled flexslider.css  (0ms)  (pid 9988)
Compiled home.css  (6ms)  (pid 9988)
Compiled jquery.tweet.css  (0ms)  (pid 9988)
Compiled lessframework.css  (0ms)  (pid 9988)
Compiled links.css  (1ms)  (pid 9988)
Compiled lof-slider.css  (0ms)  (pid 9988)
Compiled palette.css  (0ms)  (pid 9988)
Compiled reset.css  (0ms)  (pid 9988)
Compiled scaffolds.css  (10ms)  (pid 9988)
Compiled skin.css  (0ms)  (pid 9988)
Compiled style.css  (0ms)  (pid 9988)
Compiled superfish.css  (0ms)  (pid 9988)
Compiled votes.css  (1ms)  (pid 9988)
Compiled widgets.css  (0ms)  (pid 9988)
Compiled application.css  (70ms)  (pid 9988)
Compiled jquery_ujs.js  (0ms)  (pid 9988)
Compiled jquery.js  (2ms)  (pid 9988)
Compiled css3-mediaqueries.js  (0ms)  (pid 9988)
Compiled custom.js  (0ms)  (pid 9988)
Compiled form-validation.js  (0ms)  (pid 9988)
Compiled home.js  (167ms)  (pid 9988)
Compiled jquery-1.7.1.min.js  (0ms)  (pid 9988)
Compiled jquery.columnizer.min.js  (0ms)  (pid 9988)
Compiled jquery.easing.js  (0ms)  (pid 9988)
Compiled jquery.flexslider.js  (0ms)  (pid 9988)
Compiled jquery.isotope.min.js  (0ms)  (pid 9988)
Compiled jquery.jcarousel.min.js  (0ms)  (pid 9988)
Compiled jquery.jplayer.min.js  (0ms)  (pid 9988)
Compiled links.js  (141ms)  (pid 9988)
Compiled lof-slider.js  (1ms)  (pid 9988)
Compiled modernizr.js  (0ms)  (pid 9988)
Compiled moveform.js  (0ms)  (pid 9988)
Compiled poshytip-1.1/demo/includes/demos.js  (0ms)  (pid 9988)
Compiled poshytip-1.1/demo/includes/jquery-1.4.2.min.js  (0ms)  (pid 9988)
Compiled poshytip-1.1/demo/includes/sh_main.min.js  (0ms)  (pid 9988)
Compiled poshytip-1.1/src/jquery.poshytip.js  (0ms)  (pid 9988)
Compiled poshytip-1.1/src/jquery.poshytip.min.js  (0ms)  (pid 9988)
Compiled prettyPhoto/js/jquery-1.3.2.min.js  (0ms)  (pid 9988)
Compiled prettyPhoto/js/jquery-1.4.4.min.js  (0ms)  (pid 9988)
Compiled prettyPhoto/js/jquery.prettyPhoto.js  (0ms)  (pid 9988)
Compiled rails.js  (0ms)  (pid 9988)
Compiled rails.validations.js  (0ms)  (pid 9988)
Compiled slider.js  (0ms)  (pid 9988)
Compiled superfish-1.4.8/js/hoverIntent.js  (0ms)  (pid 9988)
Compiled superfish-1.4.8/js/jquery-1.2.6.min.js  (0ms)  (pid 9988)
Compiled superfish-1.4.8/js/jquery.bgiframe.min.js  (0ms)  (pid 9988)
Compiled superfish-1.4.8/js/superfish.js  (0ms)  (pid 9988)
Compiled superfish-1.4.8/js/supersubs.js  (0ms)  (pid 9988)
Compiled tabs.js  (0ms)  (pid 9988)
Compiled tweet/jquery.tweet.js  (0ms)  (pid 9988)
Compiled votes.js  (132ms)  (pid 9988)
Compiled application.js  (718ms)  (pid 9988)
Compiled carousel.css  (0ms)  (pid 9988)
Compiled comments.css  (0ms)  (pid 9988)
Compiled elements.css  (0ms)  (pid 9988)
Compiled flexslider.css  (0ms)  (pid 9988)
Compiled home.css  (6ms)  (pid 9988)
Compiled jquery.tweet.css  (0ms)  (pid 9988)
Compiled lessframework.css  (0ms)  (pid 9988)
Compiled links.css  (1ms)  (pid 9988)
Compiled lof-slider.css  (0ms)  (pid 9988)
Compiled palette.css  (0ms)  (pid 9988)
Compiled reset.css  (0ms)  (pid 9988)
Compiled scaffolds.css  (10ms)  (pid 9988)
Compiled skin.css  (0ms)  (pid 9988)
Compiled style.css  (0ms)  (pid 9988)
Compiled superfish.css  (0ms)  (pid 9988)
Compiled votes.css  (1ms)  (pid 9988)
Compiled widgets.css  (0ms)  (pid 9988)
Compiled application.css  (68ms)  (pid 9988)
Compiled jquery_ujs.js  (0ms)  (pid 10481)
Compiled jquery.js  (2ms)  (pid 10481)
Compiled css3-mediaqueries.js  (0ms)  (pid 10481)
Compiled custom.js  (0ms)  (pid 10481)
Compiled form-validation.js  (0ms)  (pid 10481)
Compiled home.js  (172ms)  (pid 10481)
Compiled jquery-1.7.1.min.js  (0ms)  (pid 10481)
Compiled jquery.columnizer.min.js  (0ms)  (pid 10481)
Compiled jquery.easing.js  (0ms)  (pid 10481)
Compiled jquery.flexslider.js  (0ms)  (pid 10481)
Compiled jquery.isotope.min.js  (0ms)  (pid 10481)
Compiled jquery.jcarousel.min.js  (0ms)  (pid 10481)
Compiled jquery.jplayer.min.js  (0ms)  (pid 10481)
Compiled links.js  (168ms)  (pid 10481)
Compiled lof-slider.js  (1ms)  (pid 10481)
Compiled modernizr.js  (0ms)  (pid 10481)
Compiled moveform.js  (0ms)  (pid 10481)
Compiled poshytip-1.1/demo/includes/demos.js  (0ms)  (pid 10481)
Compiled poshytip-1.1/demo/includes/jquery-1.4.2.min.js  (0ms)  (pid 10481)
Compiled poshytip-1.1/demo/includes/sh_main.min.js  (0ms)  (pid 10481)
Compiled poshytip-1.1/src/jquery.poshytip.js  (0ms)  (pid 10481)
Compiled poshytip-1.1/src/jquery.poshytip.min.js  (0ms)  (pid 10481)
Compiled prettyPhoto/js/jquery-1.3.2.min.js  (0ms)  (pid 10481)
Compiled prettyPhoto/js/jquery-1.4.4.min.js  (0ms)  (pid 10481)
Compiled prettyPhoto/js/jquery.prettyPhoto.js  (0ms)  (pid 10481)
Compiled rails.js  (0ms)  (pid 10481)
Compiled rails.validations.js  (0ms)  (pid 10481)
Compiled slider.js  (0ms)  (pid 10481)
Compiled superfish-1.4.8/js/hoverIntent.js  (0ms)  (pid 10481)
Compiled superfish-1.4.8/js/jquery-1.2.6.min.js  (0ms)  (pid 10481)
Compiled superfish-1.4.8/js/jquery.bgiframe.min.js  (0ms)  (pid 10481)
Compiled superfish-1.4.8/js/superfish.js  (0ms)  (pid 10481)
Compiled superfish-1.4.8/js/supersubs.js  (0ms)  (pid 10481)
Compiled tabs.js  (0ms)  (pid 10481)
Compiled tweet/jquery.tweet.js  (0ms)  (pid 10481)
Compiled votes.js  (226ms)  (pid 10481)
Compiled application.js  (769ms)  (pid 10481)
Compiled carousel.css  (0ms)  (pid 10481)
Compiled comments.css  (0ms)  (pid 10481)
Compiled elements.css  (0ms)  (pid 10481)
Compiled flexslider.css  (0ms)  (pid 10481)
Compiled home.css  (5ms)  (pid 10481)
Compiled jquery.tweet.css  (0ms)  (pid 10481)
Compiled lessframework.css  (0ms)  (pid 10481)
Compiled links.css  (1ms)  (pid 10481)
Compiled lof-slider.css  (0ms)  (pid 10481)
Compiled palette.css  (0ms)  (pid 10481)
Compiled reset.css  (0ms)  (pid 10481)
Compiled scaffolds.css  (10ms)  (pid 10481)
Compiled skin.css  (0ms)  (pid 10481)
Compiled style.css  (0ms)  (pid 10481)
Compiled superfish.css  (0ms)  (pid 10481)
Compiled votes.css  (1ms)  (pid 10481)
Compiled widgets.css  (0ms)  (pid 10481)
Compiled application.css  (66ms)  (pid 10481)
Compiled jquery_ujs.js  (0ms)  (pid 10481)
Compiled jquery.js  (33ms)  (pid 10481)
Compiled css3-mediaqueries.js  (0ms)  (pid 10481)
Compiled custom.js  (0ms)  (pid 10481)
Compiled form-validation.js  (0ms)  (pid 10481)
Compiled home.js  (148ms)  (pid 10481)
Compiled jquery-1.7.1.min.js  (1ms)  (pid 10481)
Compiled jquery.columnizer.min.js  (0ms)  (pid 10481)
Compiled jquery.easing.js  (0ms)  (pid 10481)
Compiled jquery.flexslider.js  (0ms)  (pid 10481)
Compiled jquery.isotope.min.js  (0ms)  (pid 10481)
Compiled jquery.jcarousel.min.js  (0ms)  (pid 10481)
Compiled jquery.jplayer.min.js  (0ms)  (pid 10481)
Compiled links.js  (150ms)  (pid 10481)
Compiled lof-slider.js  (1ms)  (pid 10481)
Compiled modernizr.js  (0ms)  (pid 10481)
Compiled moveform.js  (0ms)  (pid 10481)
Compiled poshytip-1.1/demo/includes/demos.js  (0ms)  (pid 10481)
Compiled poshytip-1.1/demo/includes/jquery-1.4.2.min.js  (0ms)  (pid 10481)
Compiled poshytip-1.1/demo/includes/sh_main.min.js  (0ms)  (pid 10481)
Compiled poshytip-1.1/src/jquery.poshytip.js  (0ms)  (pid 10481)
Compiled poshytip-1.1/src/jquery.poshytip.min.js  (0ms)  (pid 10481)
Compiled prettyPhoto/js/jquery-1.3.2.min.js  (31ms)  (pid 10481)
Compiled prettyPhoto/js/jquery-1.4.4.min.js  (0ms)  (pid 10481)
Compiled prettyPhoto/js/jquery.prettyPhoto.js  (0ms)  (pid 10481)
Compiled rails.js  (0ms)  (pid 10481)
Compiled rails.validations.js  (0ms)  (pid 10481)
Compiled slider.js  (0ms)  (pid 10481)
Compiled superfish-1.4.8/js/hoverIntent.js  (0ms)  (pid 10481)
Compiled superfish-1.4.8/js/jquery-1.2.6.min.js  (0ms)  (pid 10481)
Compiled superfish-1.4.8/js/jquery.bgiframe.min.js  (0ms)  (pid 10481)
Compiled superfish-1.4.8/js/superfish.js  (0ms)  (pid 10481)
Compiled superfish-1.4.8/js/supersubs.js  (0ms)  (pid 10481)
Compiled tabs.js  (0ms)  (pid 10481)
Compiled tweet/jquery.tweet.js  (0ms)  (pid 10481)
Compiled votes.js  (169ms)  (pid 10481)
Compiled application.js  (728ms)  (pid 10481)
Compiled carousel.css  (0ms)  (pid 10481)
Compiled comments.css  (0ms)  (pid 10481)
Compiled elements.css  (0ms)  (pid 10481)
Compiled flexslider.css  (0ms)  (pid 10481)
Compiled home.css  (5ms)  (pid 10481)
Compiled jquery.tweet.css  (0ms)  (pid 10481)
Compiled lessframework.css  (0ms)  (pid 10481)
Compiled links.css  (1ms)  (pid 10481)
Compiled lof-slider.css  (0ms)  (pid 10481)
Compiled palette.css  (0ms)  (pid 10481)
Compiled reset.css  (0ms)  (pid 10481)
Compiled scaffolds.css  (10ms)  (pid 10481)
Compiled skin.css  (0ms)  (pid 10481)
Compiled style.css  (0ms)  (pid 10481)
Compiled superfish.css  (0ms)  (pid 10481)
Compiled votes.css  (1ms)  (pid 10481)
Compiled widgets.css  (0ms)  (pid 10481)
Compiled application.css  (65ms)  (pid 10481)
Compiled jquery_ujs.js  (0ms)  (pid 10629)
Compiled jquery.js  (2ms)  (pid 10629)
Compiled css3-mediaqueries.js  (0ms)  (pid 10629)
Compiled custom.js  (0ms)  (pid 10629)
Compiled form-validation.js  (0ms)  (pid 10629)
Compiled home.js  (191ms)  (pid 10629)
Compiled jquery-1.7.1.min.js  (0ms)  (pid 10629)
Compiled jquery.columnizer.min.js  (0ms)  (pid 10629)
Compiled jquery.easing.js  (0ms)  (pid 10629)
Compiled jquery.flexslider.js  (0ms)  (pid 10629)
Compiled jquery.isotope.min.js  (0ms)  (pid 10629)
Compiled jquery.jcarousel.min.js  (0ms)  (pid 10629)
Compiled jquery.jplayer.min.js  (0ms)  (pid 10629)
Compiled links.js  (166ms)  (pid 10629)
Compiled lof-slider.js  (1ms)  (pid 10629)
Compiled modernizr.js  (0ms)  (pid 10629)
Compiled moveform.js  (0ms)  (pid 10629)
Compiled poshytip-1.1/demo/includes/demos.js  (0ms)  (pid 10629)
Compiled poshytip-1.1/demo/includes/jquery-1.4.2.min.js  (0ms)  (pid 10629)
Compiled poshytip-1.1/demo/includes/sh_main.min.js  (0ms)  (pid 10629)
Compiled poshytip-1.1/src/jquery.poshytip.js  (0ms)  (pid 10629)
Compiled poshytip-1.1/src/jquery.poshytip.min.js  (0ms)  (pid 10629)
Compiled prettyPhoto/js/jquery-1.3.2.min.js  (0ms)  (pid 10629)
Compiled prettyPhoto/js/jquery-1.4.4.min.js  (0ms)  (pid 10629)
Compiled prettyPhoto/js/jquery.prettyPhoto.js  (0ms)  (pid 10629)
Compiled rails.js  (0ms)  (pid 10629)
Compiled rails.validations.js  (0ms)  (pid 10629)
Compiled slider.js  (0ms)  (pid 10629)
Compiled superfish-1.4.8/js/hoverIntent.js  (0ms)  (pid 10629)
Compiled superfish-1.4.8/js/jquery-1.2.6.min.js  (1ms)  (pid 10629)
Compiled superfish-1.4.8/js/jquery.bgiframe.min.js  (0ms)  (pid 10629)
Compiled superfish-1.4.8/js/superfish.js  (0ms)  (pid 10629)
Compiled superfish-1.4.8/js/supersubs.js  (0ms)  (pid 10629)
Compiled tabs.js  (0ms)  (pid 10629)
Compiled tweet/jquery.tweet.js  (0ms)  (pid 10629)
Compiled votes.js  (149ms)  (pid 10629)
Compiled application.js  (716ms)  (pid 10629)
Compiled carousel.css  (0ms)  (pid 10629)
Compiled comments.css  (0ms)  (pid 10629)
Compiled elements.css  (0ms)  (pid 10629)
Compiled flexslider.css  (0ms)  (pid 10629)
Compiled home.css  (6ms)  (pid 10629)
Compiled jquery.tweet.css  (0ms)  (pid 10629)
Compiled lessframework.css  (0ms)  (pid 10629)
Compiled links.css  (1ms)  (pid 10629)
Compiled lof-slider.css  (0ms)  (pid 10629)
Compiled palette.css  (0ms)  (pid 10629)
Compiled reset.css  (0ms)  (pid 10629)
Compiled scaffolds.css  (10ms)  (pid 10629)
Compiled skin.css  (0ms)  (pid 10629)
Compiled style.css  (0ms)  (pid 10629)
Compiled superfish.css  (0ms)  (pid 10629)
Compiled votes.css  (1ms)  (pid 10629)
Compiled widgets.css  (0ms)  (pid 10629)
Compiled application.css  (69ms)  (pid 10629)
Compiled jquery_ujs.js  (0ms)  (pid 10629)
Compiled jquery.js  (37ms)  (pid 10629)
Compiled css3-mediaqueries.js  (0ms)  (pid 10629)
Compiled custom.js  (0ms)  (pid 10629)
Compiled form-validation.js  (0ms)  (pid 10629)
Compiled home.js  (137ms)  (pid 10629)
Compiled jquery-1.7.1.min.js  (1ms)  (pid 10629)
Compiled jquery.columnizer.min.js  (0ms)  (pid 10629)
Compiled jquery.easing.js  (0ms)  (pid 10629)
Compiled jquery.flexslider.js  (0ms)  (pid 10629)
Compiled jquery.isotope.min.js  (0ms)  (pid 10629)
Compiled jquery.jcarousel.min.js  (0ms)  (pid 10629)
Compiled jquery.jplayer.min.js  (0ms)  (pid 10629)
Compiled links.js  (143ms)  (pid 10629)
Compiled lof-slider.js  (1ms)  (pid 10629)
Compiled modernizr.js  (0ms)  (pid 10629)
Compiled moveform.js  (0ms)  (pid 10629)
Compiled poshytip-1.1/demo/includes/demos.js  (0ms)  (pid 10629)
Compiled poshytip-1.1/demo/includes/jquery-1.4.2.min.js  (0ms)  (pid 10629)
Compiled poshytip-1.1/demo/includes/sh_main.min.js  (0ms)  (pid 10629)
Compiled poshytip-1.1/src/jquery.poshytip.js  (0ms)  (pid 10629)
Compiled poshytip-1.1/src/jquery.poshytip.min.js  (0ms)  (pid 10629)
Compiled prettyPhoto/js/jquery-1.3.2.min.js  (32ms)  (pid 10629)
Compiled prettyPhoto/js/jquery-1.4.4.min.js  (0ms)  (pid 10629)
Compiled prettyPhoto/js/jquery.prettyPhoto.js  (0ms)  (pid 10629)
Compiled rails.js  (0ms)  (pid 10629)
Compiled rails.validations.js  (0ms)  (pid 10629)
Compiled slider.js  (0ms)  (pid 10629)
Compiled superfish-1.4.8/js/hoverIntent.js  (0ms)  (pid 10629)
Compiled superfish-1.4.8/js/jquery-1.2.6.min.js  (0ms)  (pid 10629)
Compiled superfish-1.4.8/js/jquery.bgiframe.min.js  (0ms)  (pid 10629)
Compiled superfish-1.4.8/js/superfish.js  (0ms)  (pid 10629)
Compiled superfish-1.4.8/js/supersubs.js  (0ms)  (pid 10629)
Compiled tabs.js  (0ms)  (pid 10629)
Compiled tweet/jquery.tweet.js  (0ms)  (pid 10629)
Compiled votes.js  (172ms)  (pid 10629)
Compiled application.js  (717ms)  (pid 10629)
Compiled carousel.css  (0ms)  (pid 10629)
Compiled comments.css  (0ms)  (pid 10629)
Compiled elements.css  (0ms)  (pid 10629)
Compiled flexslider.css  (0ms)  (pid 10629)
Compiled home.css  (6ms)  (pid 10629)
Compiled jquery.tweet.css  (0ms)  (pid 10629)
Compiled lessframework.css  (0ms)  (pid 10629)
Compiled links.css  (1ms)  (pid 10629)
Compiled lof-slider.css  (0ms)  (pid 10629)
Compiled palette.css  (0ms)  (pid 10629)
Compiled reset.css  (0ms)  (pid 10629)
Compiled scaffolds.css  (10ms)  (pid 10629)
Compiled skin.css  (0ms)  (pid 10629)
Compiled style.css  (0ms)  (pid 10629)
Compiled superfish.css  (0ms)  (pid 10629)
Compiled votes.css  (1ms)  (pid 10629)
Compiled widgets.css  (0ms)  (pid 10629)
Compiled application.css  (67ms)  (pid 10629)
Compiled jquery_ujs.js  (0ms)  (pid 10711)
Compiled jquery.js  (2ms)  (pid 10711)
Compiled css3-mediaqueries.js  (0ms)  (pid 10711)
Compiled custom.js  (0ms)  (pid 10711)
Compiled form-validation.js  (0ms)  (pid 10711)
Compiled home.js  (177ms)  (pid 10711)
Compiled jquery-1.7.1.min.js  (1ms)  (pid 10711)
Compiled jquery.columnizer.min.js  (0ms)  (pid 10711)
Compiled jquery.easing.js  (0ms)  (pid 10711)
Compiled jquery.flexslider.js  (0ms)  (pid 10711)
Compiled jquery.isotope.min.js  (0ms)  (pid 10711)
Compiled jquery.jcarousel.min.js  (0ms)  (pid 10711)
Compiled jquery.jplayer.min.js  (0ms)  (pid 10711)
Compiled links.js  (215ms)  (pid 10711)
Compiled lof-slider.js  (1ms)  (pid 10711)
Compiled modernizr.js  (0ms)  (pid 10711)
Compiled moveform.js  (0ms)  (pid 10711)
Compiled poshytip-1.1/demo/includes/demos.js  (0ms)  (pid 10711)
Compiled poshytip-1.1/demo/includes/jquery-1.4.2.min.js  (0ms)  (pid 10711)
Compiled poshytip-1.1/demo/includes/sh_main.min.js  (0ms)  (pid 10711)
Compiled poshytip-1.1/src/jquery.poshytip.js  (0ms)  (pid 10711)
Compiled poshytip-1.1/src/jquery.poshytip.min.js  (0ms)  (pid 10711)
Compiled prettyPhoto/js/jquery-1.3.2.min.js  (0ms)  (pid 10711)
Compiled prettyPhoto/js/jquery-1.4.4.min.js  (0ms)  (pid 10711)
Compiled prettyPhoto/js/jquery.prettyPhoto.js  (0ms)  (pid 10711)
Compiled rails.js  (0ms)  (pid 10711)
Compiled rails.validations.js  (0ms)  (pid 10711)
Compiled slider.js  (0ms)  (pid 10711)
Compiled superfish-1.4.8/js/hoverIntent.js  (0ms)  (pid 10711)
Compiled superfish-1.4.8/js/jquery-1.2.6.min.js  (0ms)  (pid 10711)
Compiled superfish-1.4.8/js/jquery.bgiframe.min.js  (0ms)  (pid 10711)
Compiled superfish-1.4.8/js/superfish.js  (0ms)  (pid 10711)
Compiled superfish-1.4.8/js/supersubs.js  (0ms)  (pid 10711)
Compiled tabs.js  (0ms)  (pid 10711)
Compiled tweet/jquery.tweet.js  (0ms)  (pid 10711)
Compiled votes.js  (140ms)  (pid 10711)
Compiled application.js  (740ms)  (pid 10711)
Compiled carousel.css  (0ms)  (pid 10711)
Compiled comments.css  (0ms)  (pid 10711)
Compiled elements.css  (0ms)  (pid 10711)
Compiled flexslider.css  (0ms)  (pid 10711)
Compiled home.css  (5ms)  (pid 10711)
Compiled jquery.tweet.css  (0ms)  (pid 10711)
Compiled lessframework.css  (0ms)  (pid 10711)
Compiled links.css  (1ms)  (pid 10711)
Compiled lof-slider.css  (0ms)  (pid 10711)
Compiled palette.css  (0ms)  (pid 10711)
Compiled reset.css  (0ms)  (pid 10711)
Compiled scaffolds.css  (13ms)  (pid 10711)
Compiled skin.css  (0ms)  (pid 10711)
Compiled style.css  (0ms)  (pid 10711)
Compiled superfish.css  (0ms)  (pid 10711)
Compiled votes.css  (1ms)  (pid 10711)
Compiled widgets.css  (0ms)  (pid 10711)
Compiled application.css  (71ms)  (pid 10711)
Compiled jquery_ujs.js  (0ms)  (pid 10711)
Compiled jquery.js  (33ms)  (pid 10711)
Compiled css3-mediaqueries.js  (0ms)  (pid 10711)
Compiled custom.js  (0ms)  (pid 10711)
Compiled form-validation.js  (0ms)  (pid 10711)
Compiled home.js  (139ms)  (pid 10711)
Compiled jquery-1.7.1.min.js  (2ms)  (pid 10711)
Compiled jquery.columnizer.min.js  (0ms)  (pid 10711)
Compiled jquery.easing.js  (0ms)  (pid 10711)
Compiled jquery.flexslider.js  (0ms)  (pid 10711)
Compiled jquery.isotope.min.js  (0ms)  (pid 10711)
Compiled jquery.jcarousel.min.js  (0ms)  (pid 10711)
Compiled jquery.jplayer.min.js  (0ms)  (pid 10711)
Compiled links.js  (143ms)  (pid 10711)
Compiled lof-slider.js  (0ms)  (pid 10711)
Compiled modernizr.js  (0ms)  (pid 10711)
Compiled moveform.js  (0ms)  (pid 10711)
Compiled poshytip-1.1/demo/includes/demos.js  (0ms)  (pid 10711)
Compiled poshytip-1.1/demo/includes/jquery-1.4.2.min.js  (0ms)  (pid 10711)
Compiled poshytip-1.1/demo/includes/sh_main.min.js  (0ms)  (pid 10711)
Compiled poshytip-1.1/src/jquery.poshytip.js  (0ms)  (pid 10711)
Compiled poshytip-1.1/src/jquery.poshytip.min.js  (0ms)  (pid 10711)
Compiled prettyPhoto/js/jquery-1.3.2.min.js  (31ms)  (pid 10711)
Compiled prettyPhoto/js/jquery-1.4.4.min.js  (0ms)  (pid 10711)
Compiled prettyPhoto/js/jquery.prettyPhoto.js  (0ms)  (pid 10711)
Compiled rails.js  (0ms)  (pid 10711)
Compiled rails.validations.js  (0ms)  (pid 10711)
Compiled slider.js  (0ms)  (pid 10711)
Compiled superfish-1.4.8/js/hoverIntent.js  (0ms)  (pid 10711)
Compiled superfish-1.4.8/js/jquery-1.2.6.min.js  (0ms)  (pid 10711)
Compiled superfish-1.4.8/js/jquery.bgiframe.min.js  (0ms)  (pid 10711)
Compiled superfish-1.4.8/js/superfish.js  (0ms)  (pid 10711)
Compiled superfish-1.4.8/js/supersubs.js  (0ms)  (pid 10711)
Compiled tabs.js  (0ms)  (pid 10711)
Compiled tweet/jquery.tweet.js  (0ms)  (pid 10711)
Compiled votes.js  (160ms)  (pid 10711)
Compiled application.js  (703ms)  (pid 10711)
Compiled carousel.css  (0ms)  (pid 10711)
Compiled comments.css  (0ms)  (pid 10711)
Compiled elements.css  (0ms)  (pid 10711)
Compiled flexslider.css  (0ms)  (pid 10711)
Compiled home.css  (5ms)  (pid 10711)
Compiled jquery.tweet.css  (0ms)  (pid 10711)
Compiled lessframework.css  (0ms)  (pid 10711)
Compiled links.css  (1ms)  (pid 10711)
Compiled lof-slider.css  (0ms)  (pid 10711)
Compiled palette.css  (0ms)  (pid 10711)
Compiled reset.css  (0ms)  (pid 10711)
Compiled scaffolds.css  (10ms)  (pid 10711)
Compiled skin.css  (0ms)  (pid 10711)
Compiled style.css  (0ms)  (pid 10711)
Compiled superfish.css  (0ms)  (pid 10711)
Compiled votes.css  (1ms)  (pid 10711)
Compiled widgets.css  (0ms)  (pid 10711)
Compiled application.css  (64ms)  (pid 10711)
Compiled jquery_ujs.js  (0ms)  (pid 10798)
Compiled jquery.js  (2ms)  (pid 10798)
Compiled css3-mediaqueries.js  (0ms)  (pid 10798)
Compiled custom.js  (0ms)  (pid 10798)
Compiled form-validation.js  (0ms)  (pid 10798)
Compiled home.js  (177ms)  (pid 10798)
Compiled jquery-1.7.1.min.js  (0ms)  (pid 10798)
Compiled jquery.columnizer.min.js  (0ms)  (pid 10798)
Compiled jquery.easing.js  (0ms)  (pid 10798)
Compiled jquery.flexslider.js  (0ms)  (pid 10798)
Compiled jquery.isotope.min.js  (0ms)  (pid 10798)
Compiled jquery.jcarousel.min.js  (0ms)  (pid 10798)
Compiled jquery.jplayer.min.js  (0ms)  (pid 10798)
Compiled links.js  (144ms)  (pid 10798)
Compiled lof-slider.js  (0ms)  (pid 10798)
Compiled modernizr.js  (0ms)  (pid 10798)
Compiled moveform.js  (0ms)  (pid 10798)
Compiled poshytip-1.1/demo/includes/demos.js  (0ms)  (pid 10798)
Compiled poshytip-1.1/demo/includes/jquery-1.4.2.min.js  (0ms)  (pid 10798)
Compiled poshytip-1.1/demo/includes/sh_main.min.js  (0ms)  (pid 10798)
Compiled poshytip-1.1/src/jquery.poshytip.js  (0ms)  (pid 10798)
Compiled poshytip-1.1/src/jquery.poshytip.min.js  (0ms)  (pid 10798)
Compiled prettyPhoto/js/jquery-1.3.2.min.js  (0ms)  (pid 10798)
Compiled prettyPhoto/js/jquery-1.4.4.min.js  (0ms)  (pid 10798)
Compiled prettyPhoto/js/jquery.prettyPhoto.js  (0ms)  (pid 10798)
Compiled rails.js  (0ms)  (pid 10798)
Compiled rails.validations.js  (0ms)  (pid 10798)
Compiled slider.js  (0ms)  (pid 10798)
Compiled superfish-1.4.8/js/hoverIntent.js  (0ms)  (pid 10798)
Compiled superfish-1.4.8/js/jquery-1.2.6.min.js  (1ms)  (pid 10798)
Compiled superfish-1.4.8/js/jquery.bgiframe.min.js  (0ms)  (pid 10798)
Compiled superfish-1.4.8/js/superfish.js  (0ms)  (pid 10798)
Compiled superfish-1.4.8/js/supersubs.js  (0ms)  (pid 10798)
Compiled tabs.js  (0ms)  (pid 10798)
Compiled tweet/jquery.tweet.js  (0ms)  (pid 10798)
Compiled votes.js  (140ms)  (pid 10798)
Compiled application.js  (690ms)  (pid 10798)
Compiled carousel.css  (0ms)  (pid 10798)
Compiled comments.css  (0ms)  (pid 10798)
Compiled elements.css  (0ms)  (pid 10798)
Compiled flexslider.css  (0ms)  (pid 10798)
Compiled home.css  (6ms)  (pid 10798)
Compiled jquery.tweet.css  (0ms)  (pid 10798)
Compiled lessframework.css  (0ms)  (pid 10798)
Compiled links.css  (1ms)  (pid 10798)
Compiled lof-slider.css  (0ms)  (pid 10798)
Compiled palette.css  (0ms)  (pid 10798)
Compiled reset.css  (0ms)  (pid 10798)
Compiled scaffolds.css  (10ms)  (pid 10798)
Compiled skin.css  (0ms)  (pid 10798)
Compiled style.css  (0ms)  (pid 10798)
Compiled superfish.css  (0ms)  (pid 10798)
Compiled votes.css  (1ms)  (pid 10798)
Compiled widgets.css  (0ms)  (pid 10798)
Compiled application.css  (68ms)  (pid 10798)
Compiled jquery_ujs.js  (0ms)  (pid 10798)
Compiled jquery.js  (34ms)  (pid 10798)
Compiled css3-mediaqueries.js  (0ms)  (pid 10798)
Compiled custom.js  (0ms)  (pid 10798)
Compiled form-validation.js  (0ms)  (pid 10798)
Compiled home.js  (149ms)  (pid 10798)
Compiled jquery-1.7.1.min.js  (1ms)  (pid 10798)
Compiled jquery.columnizer.min.js  (0ms)  (pid 10798)
Compiled jquery.easing.js  (0ms)  (pid 10798)
Compiled jquery.flexslider.js  (0ms)  (pid 10798)
Compiled jquery.isotope.min.js  (0ms)  (pid 10798)
Compiled jquery.jcarousel.min.js  (0ms)  (pid 10798)
Compiled jquery.jplayer.min.js  (0ms)  (pid 10798)
Compiled links.js  (138ms)  (pid 10798)
Compiled lof-slider.js  (0ms)  (pid 10798)
Compiled modernizr.js  (0ms)  (pid 10798)
Compiled moveform.js  (0ms)  (pid 10798)
Compiled poshytip-1.1/demo/includes/demos.js  (0ms)  (pid 10798)
Compiled poshytip-1.1/demo/includes/jquery-1.4.2.min.js  (1ms)  (pid 10798)
Compiled poshytip-1.1/demo/includes/sh_main.min.js  (0ms)  (pid 10798)
Compiled poshytip-1.1/src/jquery.poshytip.js  (0ms)  (pid 10798)
Compiled poshytip-1.1/src/jquery.poshytip.min.js  (0ms)  (pid 10798)
Compiled prettyPhoto/js/jquery-1.3.2.min.js  (38ms)  (pid 10798)
Compiled prettyPhoto/js/jquery-1.4.4.min.js  (0ms)  (pid 10798)
Compiled prettyPhoto/js/jquery.prettyPhoto.js  (0ms)  (pid 10798)
Compiled rails.js  (0ms)  (pid 10798)
Compiled rails.validations.js  (0ms)  (pid 10798)
Compiled slider.js  (0ms)  (pid 10798)
Compiled superfish-1.4.8/js/hoverIntent.js  (0ms)  (pid 10798)
Compiled superfish-1.4.8/js/jquery-1.2.6.min.js  (0ms)  (pid 10798)
Compiled superfish-1.4.8/js/jquery.bgiframe.min.js  (0ms)  (pid 10798)
Compiled superfish-1.4.8/js/superfish.js  (0ms)  (pid 10798)
Compiled superfish-1.4.8/js/supersubs.js  (0ms)  (pid 10798)
Compiled tabs.js  (0ms)  (pid 10798)
Compiled tweet/jquery.tweet.js  (0ms)  (pid 10798)
Compiled votes.js  (171ms)  (pid 10798)
Compiled application.js  (806ms)  (pid 10798)
Compiled carousel.css  (0ms)  (pid 10798)
Compiled comments.css  (0ms)  (pid 10798)
Compiled elements.css  (0ms)  (pid 10798)
Compiled flexslider.css  (0ms)  (pid 10798)
Compiled home.css  (7ms)  (pid 10798)
Compiled jquery.tweet.css  (0ms)  (pid 10798)
Compiled lessframework.css  (0ms)  (pid 10798)
Compiled links.css  (2ms)  (pid 10798)
Compiled lof-slider.css  (0ms)  (pid 10798)
Compiled palette.css  (0ms)  (pid 10798)
Compiled reset.css  (0ms)  (pid 10798)
Compiled scaffolds.css  (10ms)  (pid 10798)
Compiled skin.css  (0ms)  (pid 10798)
Compiled style.css  (0ms)  (pid 10798)
Compiled superfish.css  (0ms)  (pid 10798)
Compiled votes.css  (1ms)  (pid 10798)
Compiled widgets.css  (0ms)  (pid 10798)
Compiled application.css  (636ms)  (pid 10798)
Compiled jquery_ujs.js  (0ms)  (pid 10985)
Compiled jquery.js  (2ms)  (pid 10985)
Compiled css3-mediaqueries.js  (0ms)  (pid 10985)
Compiled custom.js  (0ms)  (pid 10985)
Compiled form-validation.js  (0ms)  (pid 10985)
Compiled home.js  (166ms)  (pid 10985)
Compiled jquery-1.7.1.min.js  (0ms)  (pid 10985)
Compiled jquery.columnizer.min.js  (0ms)  (pid 10985)
Compiled jquery.easing.js  (0ms)  (pid 10985)
Compiled jquery.flexslider.js  (0ms)  (pid 10985)
Compiled jquery.isotope.min.js  (0ms)  (pid 10985)
Compiled jquery.jcarousel.min.js  (0ms)  (pid 10985)
Compiled jquery.jplayer.min.js  (0ms)  (pid 10985)
Compiled links.js  (142ms)  (pid 10985)
Compiled lof-slider.js  (0ms)  (pid 10985)
Compiled modernizr.js  (0ms)  (pid 10985)
Compiled moveform.js  (0ms)  (pid 10985)
Compiled poshytip-1.1/demo/includes/demos.js  (0ms)  (pid 10985)
Compiled poshytip-1.1/demo/includes/jquery-1.4.2.min.js  (0ms)  (pid 10985)
Compiled poshytip-1.1/demo/includes/sh_main.min.js  (0ms)  (pid 10985)
Compiled poshytip-1.1/src/jquery.poshytip.js  (0ms)  (pid 10985)
Compiled poshytip-1.1/src/jquery.poshytip.min.js  (0ms)  (pid 10985)
Compiled prettyPhoto/js/jquery-1.3.2.min.js  (0ms)  (pid 10985)
Compiled prettyPhoto/js/jquery-1.4.4.min.js  (0ms)  (pid 10985)
Compiled prettyPhoto/js/jquery.prettyPhoto.js  (0ms)  (pid 10985)
Compiled rails.js  (0ms)  (pid 10985)
Compiled rails.validations.js  (0ms)  (pid 10985)
Compiled slider.js  (0ms)  (pid 10985)
Compiled superfish-1.4.8/js/hoverIntent.js  (0ms)  (pid 10985)
Compiled superfish-1.4.8/js/jquery-1.2.6.min.js  (0ms)  (pid 10985)
Compiled superfish-1.4.8/js/jquery.bgiframe.min.js  (0ms)  (pid 10985)
Compiled superfish-1.4.8/js/superfish.js  (0ms)  (pid 10985)
Compiled superfish-1.4.8/js/supersubs.js  (0ms)  (pid 10985)
Compiled tabs.js  (0ms)  (pid 10985)
Compiled tweet/jquery.tweet.js  (0ms)  (pid 10985)
Compiled votes.js  (142ms)  (pid 10985)
Compiled application.js  (679ms)  (pid 10985)
Compiled carousel.css  (0ms)  (pid 10985)
Compiled comments.css  (0ms)  (pid 10985)
Compiled elements.css  (0ms)  (pid 10985)
Compiled flexslider.css  (0ms)  (pid 10985)
Compiled home.css  (6ms)  (pid 10985)
Compiled jquery.tweet.css  (0ms)  (pid 10985)
Compiled lessframework.css  (0ms)  (pid 10985)
Compiled links.css  (1ms)  (pid 10985)
Compiled lof-slider.css  (0ms)  (pid 10985)
Compiled palette.css  (0ms)  (pid 10985)
Compiled reset.css  (0ms)  (pid 10985)
Compiled scaffolds.css  (10ms)  (pid 10985)
Compiled skin.css  (0ms)  (pid 10985)
Compiled style.css  (0ms)  (pid 10985)
Compiled superfish.css  (0ms)  (pid 10985)
Compiled votes.css  (1ms)  (pid 10985)
Compiled widgets.css  (0ms)  (pid 10985)
Compiled application.css  (68ms)  (pid 10985)
Compiled jquery_ujs.js  (0ms)  (pid 10985)
Compiled jquery.js  (34ms)  (pid 10985)
Compiled css3-mediaqueries.js  (0ms)  (pid 10985)
Compiled custom.js  (0ms)  (pid 10985)
Compiled form-validation.js  (0ms)  (pid 10985)
Compiled home.js  (136ms)  (pid 10985)
Compiled jquery-1.7.1.min.js  (1ms)  (pid 10985)
Compiled jquery.columnizer.min.js  (0ms)  (pid 10985)
Compiled jquery.easing.js  (0ms)  (pid 10985)
Compiled jquery.flexslider.js  (0ms)  (pid 10985)
Compiled jquery.isotope.min.js  (0ms)  (pid 10985)
Compiled jquery.jcarousel.min.js  (0ms)  (pid 10985)
Compiled jquery.jplayer.min.js  (0ms)  (pid 10985)
Compiled links.js  (144ms)  (pid 10985)
Compiled lof-slider.js  (0ms)  (pid 10985)
Compiled modernizr.js  (0ms)  (pid 10985)
Compiled moveform.js  (0ms)  (pid 10985)
Compiled poshytip-1.1/demo/includes/demos.js  (0ms)  (pid 10985)
Compiled poshytip-1.1/demo/includes/jquery-1.4.2.min.js  (0ms)  (pid 10985)
Compiled poshytip-1.1/demo/includes/sh_main.min.js  (0ms)  (pid 10985)
Compiled poshytip-1.1/src/jquery.poshytip.js  (0ms)  (pid 10985)
Compiled poshytip-1.1/src/jquery.poshytip.min.js  (0ms)  (pid 10985)
Compiled prettyPhoto/js/jquery-1.3.2.min.js  (32ms)  (pid 10985)
Compiled prettyPhoto/js/jquery-1.4.4.min.js  (0ms)  (pid 10985)
Compiled prettyPhoto/js/jquery.prettyPhoto.js  (0ms)  (pid 10985)
Compiled rails.js  (0ms)  (pid 10985)
Compiled rails.validations.js  (0ms)  (pid 10985)
Compiled slider.js  (0ms)  (pid 10985)
Compiled superfish-1.4.8/js/hoverIntent.js  (0ms)  (pid 10985)
Compiled superfish-1.4.8/js/jquery-1.2.6.min.js  (0ms)  (pid 10985)
Compiled superfish-1.4.8/js/jquery.bgiframe.min.js  (0ms)  (pid 10985)
Compiled superfish-1.4.8/js/superfish.js  (0ms)  (pid 10985)
Compiled superfish-1.4.8/js/supersubs.js  (0ms)  (pid 10985)
Compiled tabs.js  (0ms)  (pid 10985)
Compiled tweet/jquery.tweet.js  (0ms)  (pid 10985)
Compiled votes.js  (169ms)  (pid 10985)
Compiled application.js  (714ms)  (pid 10985)
Compiled carousel.css  (0ms)  (pid 10985)
Compiled comments.css  (0ms)  (pid 10985)
Compiled elements.css  (0ms)  (pid 10985)
Compiled flexslider.css  (0ms)  (pid 10985)
Compiled home.css  (6ms)  (pid 10985)
Compiled jquery.tweet.css  (0ms)  (pid 10985)
Compiled lessframework.css  (0ms)  (pid 10985)
Compiled links.css  (1ms)  (pid 10985)
Compiled lof-slider.css  (0ms)  (pid 10985)
Compiled palette.css  (0ms)  (pid 10985)
Compiled reset.css  (0ms)  (pid 10985)
Compiled scaffolds.css  (10ms)  (pid 10985)
Compiled skin.css  (0ms)  (pid 10985)
Compiled style.css  (0ms)  (pid 10985)
Compiled superfish.css  (0ms)  (pid 10985)
Compiled votes.css  (1ms)  (pid 10985)
Compiled widgets.css  (0ms)  (pid 10985)
Compiled application.css  (67ms)  (pid 10985)
Compiled jquery_ujs.js  (0ms)  (pid 11075)
Compiled jquery.js  (2ms)  (pid 11075)
Compiled css3-mediaqueries.js  (0ms)  (pid 11075)
Compiled custom.js  (0ms)  (pid 11075)
Compiled form-validation.js  (0ms)  (pid 11075)
Compiled home.js  (167ms)  (pid 11075)
Compiled jquery-1.7.1.min.js  (2ms)  (pid 11075)
Compiled jquery.columnizer.min.js  (0ms)  (pid 11075)
Compiled jquery.easing.js  (0ms)  (pid 11075)
Compiled jquery.flexslider.js  (0ms)  (pid 11075)
Compiled jquery.isotope.min.js  (0ms)  (pid 11075)
Compiled jquery.jcarousel.min.js  (0ms)  (pid 11075)
Compiled jquery.jplayer.min.js  (0ms)  (pid 11075)
Compiled links.js  (171ms)  (pid 11075)
Compiled lof-slider.js  (1ms)  (pid 11075)
Compiled modernizr.js  (0ms)  (pid 11075)
Compiled moveform.js  (0ms)  (pid 11075)
Compiled poshytip-1.1/demo/includes/demos.js  (0ms)  (pid 11075)
Compiled poshytip-1.1/demo/includes/jquery-1.4.2.min.js  (0ms)  (pid 11075)
Compiled poshytip-1.1/demo/includes/sh_main.min.js  (0ms)  (pid 11075)
Compiled poshytip-1.1/src/jquery.poshytip.js  (0ms)  (pid 11075)
Compiled poshytip-1.1/src/jquery.poshytip.min.js  (0ms)  (pid 11075)
Compiled prettyPhoto/js/jquery-1.3.2.min.js  (0ms)  (pid 11075)
Compiled prettyPhoto/js/jquery-1.4.4.min.js  (0ms)  (pid 11075)
Compiled prettyPhoto/js/jquery.prettyPhoto.js  (0ms)  (pid 11075)
Compiled rails.js  (0ms)  (pid 11075)
Compiled rails.validations.js  (0ms)  (pid 11075)
Compiled slider.js  (0ms)  (pid 11075)
Compiled superfish-1.4.8/js/hoverIntent.js  (0ms)  (pid 11075)
Compiled superfish-1.4.8/js/jquery-1.2.6.min.js  (0ms)  (pid 11075)
Compiled superfish-1.4.8/js/jquery.bgiframe.min.js  (0ms)  (pid 11075)
Compiled superfish-1.4.8/js/superfish.js  (0ms)  (pid 11075)
Compiled superfish-1.4.8/js/supersubs.js  (0ms)  (pid 11075)
Compiled tabs.js  (0ms)  (pid 11075)
Compiled tweet/jquery.tweet.js  (0ms)  (pid 11075)
Compiled votes.js  (147ms)  (pid 11075)
Compiled application.js  (685ms)  (pid 11075)
Compiled carousel.css  (0ms)  (pid 11075)
Compiled comments.css  (0ms)  (pid 11075)
Compiled elements.css  (0ms)  (pid 11075)
Compiled flexslider.css  (0ms)  (pid 11075)
Compiled home.css  (6ms)  (pid 11075)
Compiled jquery.tweet.css  (0ms)  (pid 11075)
Compiled lessframework.css  (0ms)  (pid 11075)
Compiled links.css  (1ms)  (pid 11075)
Compiled lof-slider.css  (0ms)  (pid 11075)
Compiled palette.css  (0ms)  (pid 11075)
Compiled reset.css  (0ms)  (pid 11075)
Compiled scaffolds.css  (10ms)  (pid 11075)
Compiled skin.css  (0ms)  (pid 11075)
Compiled style.css  (0ms)  (pid 11075)
Compiled superfish.css  (0ms)  (pid 11075)
Compiled votes.css  (1ms)  (pid 11075)
Compiled widgets.css  (0ms)  (pid 11075)
Compiled application.css  (69ms)  (pid 11075)
Compiled jquery_ujs.js  (0ms)  (pid 11075)
Compiled jquery.js  (37ms)  (pid 11075)
Compiled css3-mediaqueries.js  (0ms)  (pid 11075)
Compiled custom.js  (0ms)  (pid 11075)
Compiled form-validation.js  (0ms)  (pid 11075)
Compiled home.js  (137ms)  (pid 11075)
Compiled jquery-1.7.1.min.js  (1ms)  (pid 11075)
Compiled jquery.columnizer.min.js  (0ms)  (pid 11075)
Compiled jquery.easing.js  (0ms)  (pid 11075)
Compiled jquery.flexslider.js  (0ms)  (pid 11075)
Compiled jquery.isotope.min.js  (0ms)  (pid 11075)
Compiled jquery.jcarousel.min.js  (0ms)  (pid 11075)
Compiled jquery.jplayer.min.js  (0ms)  (pid 11075)
Compiled links.js  (142ms)  (pid 11075)
Compiled lof-slider.js  (1ms)  (pid 11075)
Compiled modernizr.js  (0ms)  (pid 11075)
Compiled moveform.js  (0ms)  (pid 11075)
Compiled poshytip-1.1/demo/includes/demos.js  (0ms)  (pid 11075)
Compiled poshytip-1.1/demo/includes/jquery-1.4.2.min.js  (0ms)  (pid 11075)
Compiled poshytip-1.1/demo/includes/sh_main.min.js  (0ms)  (pid 11075)
Compiled poshytip-1.1/src/jquery.poshytip.js  (0ms)  (pid 11075)
Compiled poshytip-1.1/src/jquery.poshytip.min.js  (0ms)  (pid 11075)
Compiled prettyPhoto/js/jquery-1.3.2.min.js  (31ms)  (pid 11075)
Compiled prettyPhoto/js/jquery-1.4.4.min.js  (0ms)  (pid 11075)
Compiled prettyPhoto/js/jquery.prettyPhoto.js  (0ms)  (pid 11075)
Compiled rails.js  (0ms)  (pid 11075)
Compiled rails.validations.js  (0ms)  (pid 11075)
Compiled slider.js  (0ms)  (pid 11075)
Compiled superfish-1.4.8/js/hoverIntent.js  (0ms)  (pid 11075)
Compiled superfish-1.4.8/js/jquery-1.2.6.min.js  (0ms)  (pid 11075)
Compiled superfish-1.4.8/js/jquery.bgiframe.min.js  (0ms)  (pid 11075)
Compiled superfish-1.4.8/js/superfish.js  (0ms)  (pid 11075)
Compiled superfish-1.4.8/js/supersubs.js  (0ms)  (pid 11075)
Compiled tabs.js  (0ms)  (pid 11075)
Compiled tweet/jquery.tweet.js  (0ms)  (pid 11075)
Compiled votes.js  (176ms)  (pid 11075)
Compiled application.js  (725ms)  (pid 11075)
Compiled carousel.css  (0ms)  (pid 11075)
Compiled comments.css  (0ms)  (pid 11075)
Compiled elements.css  (0ms)  (pid 11075)
Compiled flexslider.css  (0ms)  (pid 11075)
Compiled home.css  (6ms)  (pid 11075)
Compiled jquery.tweet.css  (0ms)  (pid 11075)
Compiled lessframework.css  (0ms)  (pid 11075)
Compiled links.css  (1ms)  (pid 11075)
Compiled lof-slider.css  (0ms)  (pid 11075)
Compiled palette.css  (0ms)  (pid 11075)
Compiled reset.css  (0ms)  (pid 11075)
Compiled scaffolds.css  (10ms)  (pid 11075)
Compiled skin.css  (0ms)  (pid 11075)
Compiled style.css  (0ms)  (pid 11075)
Compiled superfish.css  (0ms)  (pid 11075)
Compiled votes.css  (1ms)  (pid 11075)
Compiled widgets.css  (0ms)  (pid 11075)
Compiled application.css  (68ms)  (pid 11075)
Compiled jquery_ujs.js  (0ms)  (pid 11144)
Compiled jquery.js  (2ms)  (pid 11144)
Compiled css3-mediaqueries.js  (0ms)  (pid 11144)
Compiled custom.js  (0ms)  (pid 11144)
Compiled form-validation.js  (0ms)  (pid 11144)
Compiled home.js  (179ms)  (pid 11144)
Compiled jquery-1.7.1.min.js  (1ms)  (pid 11144)
Compiled jquery.columnizer.min.js  (0ms)  (pid 11144)
Compiled jquery.easing.js  (0ms)  (pid 11144)
Compiled jquery.flexslider.js  (0ms)  (pid 11144)
Compiled jquery.isotope.min.js  (0ms)  (pid 11144)
Compiled jquery.jcarousel.min.js  (0ms)  (pid 11144)
Compiled jquery.jplayer.min.js  (0ms)  (pid 11144)
Compiled links.js  (170ms)  (pid 11144)
Compiled lof-slider.js  (0ms)  (pid 11144)
Compiled modernizr.js  (0ms)  (pid 11144)
Compiled moveform.js  (0ms)  (pid 11144)
Compiled poshytip-1.1/demo/includes/demos.js  (0ms)  (pid 11144)
Compiled poshytip-1.1/demo/includes/jquery-1.4.2.min.js  (0ms)  (pid 11144)
Compiled poshytip-1.1/demo/includes/sh_main.min.js  (0ms)  (pid 11144)
Compiled poshytip-1.1/src/jquery.poshytip.js  (0ms)  (pid 11144)
Compiled poshytip-1.1/src/jquery.poshytip.min.js  (0ms)  (pid 11144)
Compiled prettyPhoto/js/jquery-1.3.2.min.js  (0ms)  (pid 11144)
Compiled prettyPhoto/js/jquery-1.4.4.min.js  (0ms)  (pid 11144)
Compiled prettyPhoto/js/jquery.prettyPhoto.js  (0ms)  (pid 11144)
Compiled rails.js  (0ms)  (pid 11144)
Compiled rails.validations.js  (0ms)  (pid 11144)
Compiled slider.js  (0ms)  (pid 11144)
Compiled superfish-1.4.8/js/hoverIntent.js  (0ms)  (pid 11144)
Compiled superfish-1.4.8/js/jquery-1.2.6.min.js  (0ms)  (pid 11144)
Compiled superfish-1.4.8/js/jquery.bgiframe.min.js  (0ms)  (pid 11144)
Compiled superfish-1.4.8/js/superfish.js  (0ms)  (pid 11144)
Compiled superfish-1.4.8/js/supersubs.js  (0ms)  (pid 11144)
Compiled tabs.js  (0ms)  (pid 11144)
Compiled tweet/jquery.tweet.js  (1ms)  (pid 11144)
Compiled votes.js  (143ms)  (pid 11144)
Compiled application.js  (696ms)  (pid 11144)
Compiled carousel.css  (0ms)  (pid 11144)
Compiled comments.css  (0ms)  (pid 11144)
Compiled elements.css  (0ms)  (pid 11144)
Compiled flexslider.css  (0ms)  (pid 11144)
Compiled home.css  (6ms)  (pid 11144)
Compiled jquery.tweet.css  (0ms)  (pid 11144)
Compiled lessframework.css  (0ms)  (pid 11144)
Compiled links.css  (1ms)  (pid 11144)
Compiled lof-slider.css  (0ms)  (pid 11144)
Compiled palette.css  (0ms)  (pid 11144)
Compiled reset.css  (0ms)  (pid 11144)
Compiled scaffolds.css  (19ms)  (pid 11144)
Compiled skin.css  (0ms)  (pid 11144)
Compiled style.css  (0ms)  (pid 11144)
Compiled superfish.css  (0ms)  (pid 11144)
Compiled votes.css  (1ms)  (pid 11144)
Compiled widgets.css  (0ms)  (pid 11144)
Compiled application.css  (96ms)  (pid 11144)
Compiled jquery_ujs.js  (0ms)  (pid 11144)
Compiled jquery.js  (36ms)  (pid 11144)
Compiled css3-mediaqueries.js  (0ms)  (pid 11144)
Compiled custom.js  (0ms)  (pid 11144)
Compiled form-validation.js  (0ms)  (pid 11144)
Compiled home.js  (164ms)  (pid 11144)
Compiled jquery-1.7.1.min.js  (1ms)  (pid 11144)
Compiled jquery.columnizer.min.js  (0ms)  (pid 11144)
Compiled jquery.easing.js  (0ms)  (pid 11144)
Compiled jquery.flexslider.js  (0ms)  (pid 11144)
Compiled jquery.isotope.min.js  (0ms)  (pid 11144)
Compiled jquery.jcarousel.min.js  (0ms)  (pid 11144)
Compiled jquery.jplayer.min.js  (0ms)  (pid 11144)
Compiled links.js  (149ms)  (pid 11144)
Compiled lof-slider.js  (0ms)  (pid 11144)
Compiled modernizr.js  (0ms)  (pid 11144)
Compiled moveform.js  (0ms)  (pid 11144)
Compiled poshytip-1.1/demo/includes/demos.js  (0ms)  (pid 11144)
Compiled poshytip-1.1/demo/includes/jquery-1.4.2.min.js  (0ms)  (pid 11144)
Compiled poshytip-1.1/demo/includes/sh_main.min.js  (0ms)  (pid 11144)
Compiled poshytip-1.1/src/jquery.poshytip.js  (0ms)  (pid 11144)
Compiled poshytip-1.1/src/jquery.poshytip.min.js  (0ms)  (pid 11144)
Compiled prettyPhoto/js/jquery-1.3.2.min.js  (31ms)  (pid 11144)
Compiled prettyPhoto/js/jquery-1.4.4.min.js  (0ms)  (pid 11144)
Compiled prettyPhoto/js/jquery.prettyPhoto.js  (0ms)  (pid 11144)
Compiled rails.js  (0ms)  (pid 11144)
Compiled rails.validations.js  (0ms)  (pid 11144)
Compiled slider.js  (0ms)  (pid 11144)
Compiled superfish-1.4.8/js/hoverIntent.js  (0ms)  (pid 11144)
Compiled superfish-1.4.8/js/jquery-1.2.6.min.js  (0ms)  (pid 11144)
Compiled superfish-1.4.8/js/jquery.bgiframe.min.js  (0ms)  (pid 11144)
Compiled superfish-1.4.8/js/superfish.js  (0ms)  (pid 11144)
Compiled superfish-1.4.8/js/supersubs.js  (0ms)  (pid 11144)
Compiled tabs.js  (0ms)  (pid 11144)
Compiled tweet/jquery.tweet.js  (0ms)  (pid 11144)
Compiled votes.js  (171ms)  (pid 11144)
Compiled application.js  (755ms)  (pid 11144)
Compiled carousel.css  (0ms)  (pid 11144)
Compiled comments.css  (0ms)  (pid 11144)
Compiled elements.css  (0ms)  (pid 11144)
Compiled flexslider.css  (0ms)  (pid 11144)
Compiled home.css  (8ms)  (pid 11144)
Compiled jquery.tweet.css  (0ms)  (pid 11144)
Compiled lessframework.css  (0ms)  (pid 11144)
Compiled links.css  (1ms)  (pid 11144)
Compiled lof-slider.css  (0ms)  (pid 11144)
Compiled palette.css  (0ms)  (pid 11144)
Compiled reset.css  (0ms)  (pid 11144)
Compiled scaffolds.css  (10ms)  (pid 11144)
Compiled skin.css  (0ms)  (pid 11144)
Compiled style.css  (0ms)  (pid 11144)
Compiled superfish.css  (0ms)  (pid 11144)
Compiled votes.css  (1ms)  (pid 11144)
Compiled widgets.css  (0ms)  (pid 11144)
Compiled application.css  (75ms)  (pid 11144)
